L 04/23/2020 - 23:08:03: Log file started (file "logs\L0423002.log") (game "cstrike") (version "48/1.1.2.6/4554")
L 04/23/2020 - 23:08:03: Loading map "Tau_cho_hang"
L 04/23/2020 - 23:08:03: Server cvars start
L 04/23/2020 - 23:08:03: Server cvar "_tutor_bomb_viewable_check_interval" = "0.5"
L 04/23/2020 - 23:08:03: Server cvar "_tutor_debug_level" = "0"
L 04/23/2020 - 23:08:03: Server cvar "_tutor_examine_time" = "0.5"
L 04/23/2020 - 23:08:03: Server cvar "_tutor_hint_interval_time" = "10.0"
L 04/23/2020 - 23:08:03: Server cvar "_tutor_look_angle" = "10"
L 04/23/2020 - 23:08:03: Server cvar "_tutor_look_distance" = "200"
L 04/23/2020 - 23:08:03: Server cvar "_tutor_message_character_display_time_coefficient" = "0.07"
L 04/23/2020 - 23:08:03: Server cvar "_tutor_message_minimum_display_time" = "1"
L 04/23/2020 - 23:08:03: Server cvar "_tutor_message_repeats" = "5"
L 04/23/2020 - 23:08:03: Server cvar "_tutor_view_distance" = "1000"
L 04/23/2020 - 23:08:03: Server cvar "allow_spectators" = "1.0"
L 04/23/2020 - 23:08:03: Server cvar "amx_client_languages" = "1"
L 04/23/2020 - 23:08:03: Server cvar "amx_language" = "en"
L 04/23/2020 - 23:08:03: Server cvar "amx_nextmap" = "Tau_cho_hang"
L 04/23/2020 - 23:08:03: Server cvar "amx_timeleft" = "00:00"
L 04/23/2020 - 23:08:03: Server cvar "amxmodx_version" = "1.8.1.3746"
L 04/23/2020 - 23:08:03: Server cvar "bot_allow_grenades" = "0"
L 04/23/2020 - 23:08:03: Server cvar "bot_allow_machine_guns" = "0"
L 04/23/2020 - 23:08:03: Server cvar "bot_allow_pistols" = "0"
L 04/23/2020 - 23:08:03: Server cvar "bot_allow_rifles" = "0"
L 04/23/2020 - 23:08:03: Server cvar "bot_allow_rogues" = "0"
L 04/23/2020 - 23:08:03: Server cvar "bot_allow_shield" = "0"
L 04/23/2020 - 23:08:03: Server cvar "bot_allow_shotguns" = "0"
L 04/23/2020 - 23:08:03: Server cvar "bot_allow_snipers" = "0"
L 04/23/2020 - 23:08:03: Server cvar "bot_allow_sub_machine_guns" = "0"
L 04/23/2020 - 23:08:03: Server cvar "bot_auto_vacate" = "1"
L 04/23/2020 - 23:08:03: Server cvar "bot_chatter" = "minimal"
L 04/23/2020 - 23:08:03: Server cvar "bot_debug" = "0"
L 04/23/2020 - 23:08:03: Server cvar "bot_defer_to_human" = "0"
L 04/23/2020 - 23:08:03: Server cvar "bot_difficulty" = "-1"
L 04/23/2020 - 23:08:03: Server cvar "bot_join_after_player" = "0"
L 04/23/2020 - 23:08:03: Server cvar "bot_join_team" = "any"
L 04/23/2020 - 23:08:03: Server cvar "bot_nav_edit" = "0"
L 04/23/2020 - 23:08:03: Server cvar "bot_nav_zdraw" = "4"
L 04/23/2020 - 23:08:03: Server cvar "bot_prefix" = "NCTU|"
L 04/23/2020 - 23:08:03: Server cvar "bot_profile_db" = "BotProfile.db"
L 04/23/2020 - 23:08:03: Server cvar "bot_quicksave" = "0"
L 04/23/2020 - 23:08:03: Server cvar "bot_quota" = "0"
L 04/23/2020 - 23:08:03: Server cvar "bot_quota_match" = "0"
L 04/23/2020 - 23:08:03: Server cvar "bot_show_danger" = "0"
L 04/23/2020 - 23:08:03: Server cvar "bot_show_nav" = "0"
L 04/23/2020 - 23:08:03: Server cvar "bot_stop" = "0"
L 04/23/2020 - 23:08:03: Server cvar "bot_traceview" = "0"
L 04/23/2020 - 23:08:03: Server cvar "bot_walk" = "0"
L 04/23/2020 - 23:08:03: Server cvar "bot_zombie" = "0"
L 04/23/2020 - 23:08:03: Server cvar "coop" = "0"
L 04/23/2020 - 23:08:03: Server cvar "deathmatch" = "1"
L 04/23/2020 - 23:08:03: Server cvar "decalfrequency" = "30"
L 04/23/2020 - 23:08:03: Server cvar "edgefriction" = "2"
L 04/23/2020 - 23:08:03: Server cvar "hostage_debug" = "0"
L 04/23/2020 - 23:08:03: Server cvar "hostage_stop" = "0"
L 04/23/2020 - 23:08:03: Server cvar "humans_join_team" = "any"
L 04/23/2020 - 23:08:03: Server cvar "max_queries_sec" = "3.0"
L 04/23/2020 - 23:08:03: Server cvar "max_queries_sec_global" = "30"
L 04/23/2020 - 23:08:03: Server cvar "max_queries_window" = "60"
L 04/23/2020 - 23:08:03: Server cvar "metamod_version" = "1.19p32"
L 04/23/2020 - 23:08:03: Server cvar "mp_allowmonsters" = "0"
L 04/23/2020 - 23:08:03: Server cvar "mp_autokick" = "0"
L 04/23/2020 - 23:08:03: Server cvar "mp_autoteambalance" = "0"
L 04/23/2020 - 23:08:03: Server cvar "mp_buytime" = "0.500000"
L 04/23/2020 - 23:08:03: Server cvar "mp_c4timer" = "45"
L 04/23/2020 - 23:08:03: Server cvar "mp_chattime" = "10"
L 04/23/2020 - 23:08:03: Server cvar "mp_consistency" = "1"
L 04/23/2020 - 23:08:03: Server cvar "mp_fadetoblack" = "0"
L 04/23/2020 - 23:08:03: Server cvar "mp_flashlight" = "0"
L 04/23/2020 - 23:08:03: Server cvar "mp_footsteps" = "1"
L 04/23/2020 - 23:08:03: Server cvar "mp_forcecamera" = "1"
L 04/23/2020 - 23:08:03: Server cvar "mp_forcechasecam" = "0"
L 04/23/2020 - 23:08:03: Server cvar "mp_fragsleft" = "0"
L 04/23/2020 - 23:08:03: Server cvar "mp_freezetime" = "7.000000"
L 04/23/2020 - 23:08:03: Server cvar "mp_friendlyfire" = "0"
L 04/23/2020 - 23:08:03: Server cvar "mp_ghostfrequency" = "0.1"
L 04/23/2020 - 23:08:03: Server cvar "mp_hostagepenalty" = "30.000000"
L 04/23/2020 - 23:08:03: Server cvar "mp_kickpercent" = "0.66"
L 04/23/2020 - 23:08:03: Server cvar "mp_limitteams" = "0"
L 04/23/2020 - 23:08:03: Server cvar "mp_logdetail" = "0"
L 04/23/2020 - 23:08:03: Server cvar "mp_logfile" = "1"
L 04/23/2020 - 23:08:03: Server cvar "mp_logmessages" = "1"
L 04/23/2020 - 23:08:03: Server cvar "mp_mapvoteratio" = "0.66"
L 04/23/2020 - 23:08:03: Server cvar "mp_maxrounds" = "50.000000"
L 04/23/2020 - 23:08:03: Server cvar "mp_mirrordamage" = "0"
L 04/23/2020 - 23:08:03: Server cvar "mp_playerid" = "0"
L 04/23/2020 - 23:08:03: Server cvar "mp_roundtime" = "1.500000"
L 04/23/2020 - 23:08:03: Server cvar "mp_startmoney" = "800.000000"
L 04/23/2020 - 23:08:03: Server cvar "mp_timeleft" = "0"
L 04/23/2020 - 23:08:03: Server cvar "mp_timelimit" = "0.000000"
L 04/23/2020 - 23:08:03: Server cvar "mp_tkpunish" = "0"
L 04/23/2020 - 23:08:03: Server cvar "mp_windifference" = "1"
L 04/23/2020 - 23:08:03: Server cvar "mp_winlimit" = "30.000000"
L 04/23/2020 - 23:08:03: Server cvar "pausable" = "0"
L 04/23/2020 - 23:08:03: Server cvar "sv_accelerate" = "5"
L 04/23/2020 - 23:08:03: Server cvar "sv_aim" = "0"
L 04/23/2020 - 23:08:03: Server cvar "sv_airaccelerate" = "10"
L 04/23/2020 - 23:08:03: Server cvar "sv_airmove" = "1"
L 04/23/2020 - 23:08:03: Server cvar "sv_allowupload" = "1"
L 04/23/2020 - 23:08:03: Server cvar "sv_alltalk" = "0"
L 04/23/2020 - 23:08:03: Server cvar "sv_bounce" = "1"
L 04/23/2020 - 23:08:03: Server cvar "sv_cheats" = "0"
L 04/23/2020 - 23:08:03: Server cvar "sv_clienttrace" = "1"
L 04/23/2020 - 23:08:03: Server cvar "sv_clipmode" = "0"
L 04/23/2020 - 23:08:03: Server cvar "sv_contact" = ""
L 04/23/2020 - 23:08:03: Server cvar "sv_friction" = "4"
L 04/23/2020 - 23:08:03: Server cvar "sv_gravity" = "800"
L 04/23/2020 - 23:08:03: Server cvar "sv_logblocks" = "0"
L 04/23/2020 - 23:08:03: Server cvar "sv_maxrate" = "0"
L 04/23/2020 - 23:08:03: Server cvar "sv_maxspeed" = "320"
L 04/23/2020 - 23:08:03: Server cvar "sv_minrate" = "0"
L 04/23/2020 - 23:08:03: Server cvar "sv_password" = ""
L 04/23/2020 - 23:08:03: Server cvar "sv_proxies" = "1"
L 04/23/2020 - 23:08:03: Server cvar "sv_region" = "-1"
L 04/23/2020 - 23:08:03: Server cvar "sv_restart" = "0"
L 04/23/2020 - 23:08:03: Server cvar "sv_restartround" = "0"
L 04/23/2020 - 23:08:03: Server cvar "sv_stepsize" = "18"
L 04/23/2020 - 23:08:03: Server cvar "sv_stopspeed" = "75"
L 04/23/2020 - 23:08:03: Server cvar "sv_uploadmax" = "0.5"
L 04/23/2020 - 23:08:03: Server cvar "sv_voiceenable" = "1"
L 04/23/2020 - 23:08:03: Server cvar "sv_wateraccelerate" = "10"
L 04/23/2020 - 23:08:03: Server cvar "sv_waterfriction" = "1"
L 04/23/2020 - 23:08:03: Server cvars end
L 04/23/2020 - 23:08:04: Server cvar "sv_maxspeed" = "900"
L 04/23/2020 - 23:08:04: Started map "Tau_cho_hang" (CRC "-1698784910")
L 04/23/2020 - 23:08:04: Server cvar "sv_maxspeed" = "320"
L 04/23/2020 - 23:08:05: "Rama_MSE<1><STEAM_0:0:1477578223><>" entered the game
L 04/23/2020 - 23:08:07: "Rama_MSE<1><STEAM_0:0:1477578223><>" joined team "CT"
L 04/23/2020 - 23:08:10: "Mr.Donkey<6><STEAM_0:0:1835451154><>" entered the game
L 04/23/2020 - 23:08:10: "ThongCaTheGioi<5><STEAM_0:0:787808286><>" entered the game
L 04/23/2020 - 23:08:10: "Ming<3><STEAM_0:0:787808286><>" entered the game
L 04/23/2020 - 23:08:10: "(^_^)TA(~_~)<7><STEAM_0:0:2029958108><>" entered the game
L 04/23/2020 - 23:08:12: World triggered "Round_Start"
L 04/23/2020 - 23:08:12: "(^_^)TA(~_~)<7><STEAM_0:0:2029958108><>" joined team "TERRORIST"
L 04/23/2020 - 23:08:13: World triggered "Game_Commencing"
L 04/23/2020 - 23:08:13: World triggered "Game_Commencing" (CT "0") (T "0")
L 04/23/2020 - 23:08:13: World triggered "Round_End"
L 04/23/2020 - 23:08:15: "Mr.Donkey<6><STEAM_0:0:1835451154><>" joined team "CT"
L 04/23/2020 - 23:08:18: "Ming<3><STEAM_0:0:787808286><>" joined team "TERRORIST"
L 04/23/2020 - 23:08:23: World triggered "Round_Start"
L 04/23/2020 - 23:08:36: "ThongCaTheGioi<5><STEAM_0:0:787808286><>" joined team "CT"
L 04/23/2020 - 23:08:38: "Rama_MSE<1><STEAM_0:0:1477578223><CT>" killed "Ming<3><STEAM_0:0:787808286><TERRORIST>" with "deagle"
L 04/23/2020 - 23:08:46: "(^_^)TA(~_~)<7><STEAM_0:0:2029958108><TERRORIST>" killed "Rama_MSE<1><STEAM_0:0:1477578223><CT>" with "p228"
L 04/23/2020 - 23:08:55: "ThongCaTheGioi<5><STEAM_0:0:787808286><CT>" killed "(^_^)TA(~_~)<7><STEAM_0:0:2029958108><TERRORIST>" with "knife"
L 04/23/2020 - 23:08:55: Team "CT" triggered "CTs_Win" (CT "1") (T "0")
L 04/23/2020 - 23:08:55: World triggered "Round_End"
L 04/23/2020 - 23:08:58: "(^_^)TA(~_~)<7><STEAM_0:0:2029958108><TERRORIST>" say ":))))" (dead)
L 04/23/2020 - 23:09:06: "(^_^)TA(~_~)<7><STEAM_0:0:2029958108><TERRORIST>" say "roi thang vao` dao moi vc chu =))"
L 04/23/2020 - 23:09:07: World triggered "Round_Start"
L 04/23/2020 - 23:09:36: "Rama_MSE<1><STEAM_0:0:1477578223><CT>" killed "(^_^)TA(~_~)<7><STEAM_0:0:2029958108><TERRORIST>" with "deagle"
L 04/23/2020 - 23:09:43: "Ming<3><STEAM_0:0:787808286><TERRORIST>" killed "Rama_MSE<1><STEAM_0:0:1477578223><CT>" with "glock18"
L 04/23/2020 - 23:09:56: "Ming<3><STEAM_0:0:787808286><TERRORIST>" committed suicide with "grenade"
L 04/23/2020 - 23:09:56: Team "CT" triggered "CTs_Win" (CT "2") (T "0")
L 04/23/2020 - 23:09:56: World triggered "Round_End"
L 04/23/2020 - 23:09:56: "Ming<3><STEAM_0:0:787808286><TERRORIST>" killed "ThongCaTheGioi<5><STEAM_0:0:787808286><CT>" with "grenade"
L 04/23/2020 - 23:10:08: World triggered "Round_Start"
L 04/23/2020 - 23:10:25: "Ming<3><STEAM_0:0:787808286><TERRORIST>" killed "Mr.Donkey<6><STEAM_0:0:1835451154><CT>" with "deagle"
L 04/23/2020 - 23:10:27: "ThongCaTheGioi<5><STEAM_0:0:787808286><CT>" killed "Ming<3><STEAM_0:0:787808286><TERRORIST>" with "deagle"
L 04/23/2020 - 23:10:31: "ThongCaTheGioi<5><STEAM_0:0:787808286><CT>" killed "(^_^)TA(~_~)<7><STEAM_0:0:2029958108><TERRORIST>" with "knife"
L 04/23/2020 - 23:10:31: Team "CT" triggered "CTs_Win" (CT "3") (T "0")
L 04/23/2020 - 23:10:31: World triggered "Round_End"
L 04/23/2020 - 23:10:35: "(^_^)TA(~_~)<7><STEAM_0:0:2029958108><TERRORIST>" say ":))" (dead)
L 04/23/2020 - 23:10:43: World triggered "Round_Start"
L 04/23/2020 - 23:10:52: "ThongCaTheGioi<5><STEAM_0:0:787808286><CT>" killed "Ming<3><STEAM_0:0:787808286><TERRORIST>" with "deagle"
L 04/23/2020 - 23:11:03: "(^_^)TA(~_~)<7><STEAM_0:0:2029958108><TERRORIST>" killed "ThongCaTheGioi<5><STEAM_0:0:787808286><CT>" with "deagle"
L 04/23/2020 - 23:11:07: "Rama_MSE<1><STEAM_0:0:1477578223><CT>" killed "(^_^)TA(~_~)<7><STEAM_0:0:2029958108><TERRORIST>" with "deagle"
L 04/23/2020 - 23:11:07: Team "CT" triggered "CTs_Win" (CT "4") (T "0")
L 04/23/2020 - 23:11:07: World triggered "Round_End"
L 04/23/2020 - 23:11:19: World triggered "Round_Start"
L 04/23/2020 - 23:11:31: "(^_^)TA(~_~)<7><STEAM_0:0:2029958108><TERRORIST>" killed "ThongCaTheGioi<5><STEAM_0:0:787808286><CT>" with "ak47"
L 04/23/2020 - 23:11:31: "Mr.Donkey<6><STEAM_0:0:1835451154><CT>" killed "(^_^)TA(~_~)<7><STEAM_0:0:2029958108><TERRORIST>" with "usp"
L 04/23/2020 - 23:11:44: "(^_^)TA(~_~)<7><STEAM_0:0:2029958108><TERRORIST>" say "mua nham` =))" (dead)
L 04/23/2020 - 23:11:50: "Mr.Donkey<6><STEAM_0:0:1835451154><CT>" killed "Ming<3><STEAM_0:0:787808286><TERRORIST>" with "usp"
L 04/23/2020 - 23:11:50: Team "CT" triggered "CTs_Win" (CT "5") (T "0")
L 04/23/2020 - 23:11:50: World triggered "Round_End"
L 04/23/2020 - 23:12:02: World triggered "Round_Start"
L 04/23/2020 - 23:12:14: "Ming<3><STEAM_0:0:787808286><TERRORIST>" killed "ThongCaTheGioi<5><STEAM_0:0:787808286><CT>" with "ak47"
L 04/23/2020 - 23:12:18: "(^_^)TA(~_~)<7><STEAM_0:0:2029958108><TERRORIST>" killed "Mr.Donkey<6><STEAM_0:0:1835451154><CT>" with "deagle"
L 04/23/2020 - 23:12:29: "Rama_MSE<1><STEAM_0:0:1477578223><CT>" killed "(^_^)TA(~_~)<7><STEAM_0:0:2029958108><TERRORIST>" with "scout"
L 04/23/2020 - 23:12:32: "(^_^)TA(~_~)<7><STEAM_0:0:2029958108><TERRORIST>" say ":(" (dead)
L 04/23/2020 - 23:12:32: "Ming<3><STEAM_0:0:787808286><TERRORIST>" killed "Rama_MSE<1><STEAM_0:0:1477578223><CT>" with "ak47"
L 04/23/2020 - 23:12:32: Team "TERRORIST" triggered "Terrorists_Win" (CT "5") (T "1")
L 04/23/2020 - 23:12:32: World triggered "Round_End"
L 04/23/2020 - 23:12:44: World triggered "Round_Start"
L 04/23/2020 - 23:12:52: "Ming<3><STEAM_0:0:787808286><TERRORIST>" killed "ThongCaTheGioi<5><STEAM_0:0:787808286><CT>" with "ak47"
L 04/23/2020 - 23:12:58: "Rama_MSE<1><STEAM_0:0:1477578223><CT>" killed "(^_^)TA(~_~)<7><STEAM_0:0:2029958108><TERRORIST>" with "awp"
L 04/23/2020 - 23:13:01: "(^_^)TA(~_~)<7><STEAM_0:0:2029958108><TERRORIST>" say ":((" (dead)
L 04/23/2020 - 23:13:05: "Ming<3><STEAM_0:0:787808286><TERRORIST>" killed "Mr.Donkey<6><STEAM_0:0:1835451154><CT>" with "ak47"
L 04/23/2020 - 23:13:12: "(^_^)TA(~_~)<7><STEAM_0:0:2029958108><TERRORIST>" say "du` 46 bop chym sung' hoi luon =))" (dead)
L 04/23/2020 - 23:13:15: "Ming<3><STEAM_0:0:787808286><TERRORIST>" killed "Rama_MSE<1><STEAM_0:0:1477578223><CT>" with "ak47"
L 04/23/2020 - 23:13:15: Team "TERRORIST" triggered "Terrorists_Win" (CT "5") (T "2")
L 04/23/2020 - 23:13:15: World triggered "Round_End"
L 04/23/2020 - 23:13:27: World triggered "Round_Start"
L 04/23/2020 - 23:13:32: "Mr.Donkey<6><STEAM_0:0:1835451154><CT>" killed "(^_^)TA(~_~)<7><STEAM_0:0:2029958108><TERRORIST>" with "scout"
L 04/23/2020 - 23:13:38: "Ming<3><STEAM_0:0:787808286><TERRORIST>" killed "Mr.Donkey<6><STEAM_0:0:1835451154><CT>" with "ak47"
L 04/23/2020 - 23:13:39: "(^_^)TA(~_~)<7><STEAM_0:0:2029958108><TERRORIST>" say ":(" (dead)
L 04/23/2020 - 23:13:44: "ThongCaTheGioi<5><STEAM_0:0:787808286><CT>" killed "Ming<3><STEAM_0:0:787808286><TERRORIST>" with "m4a1"
L 04/23/2020 - 23:13:44: Team "CT" triggered "CTs_Win" (CT "6") (T "2")
L 04/23/2020 - 23:13:44: World triggered "Round_End"
L 04/23/2020 - 23:13:56: World triggered "Round_Start"
L 04/23/2020 - 23:14:05: "Ming<3><STEAM_0:0:787808286><TERRORIST>" killed "ThongCaTheGioi<5><STEAM_0:0:787808286><CT>" with "ak47"
L 04/23/2020 - 23:14:21: "(^_^)TA(~_~)<7><STEAM_0:0:2029958108><TERRORIST>" killed "Mr.Donkey<6><STEAM_0:0:1835451154><CT>" with "deagle"
L 04/23/2020 - 23:14:26: "Rama_MSE<1><STEAM_0:0:1477578223><CT>" killed "Ming<3><STEAM_0:0:787808286><TERRORIST>" with "usp"
L 04/23/2020 - 23:14:26: "(^_^)TA(~_~)<7><STEAM_0:0:2029958108><TERRORIST>" killed "Rama_MSE<1><STEAM_0:0:1477578223><CT>" with "deagle"
L 04/23/2020 - 23:14:26: Team "TERRORIST" triggered "Terrorists_Win" (CT "6") (T "3")
L 04/23/2020 - 23:14:26: World triggered "Round_End"
L 04/23/2020 - 23:14:38: World triggered "Round_Start"
L 04/23/2020 - 23:14:47: "Ming<3><STEAM_0:0:787808286><TERRORIST>" killed "Mr.Donkey<6><STEAM_0:0:1835451154><CT>" with "ak47"
L 04/23/2020 - 23:15:01: "(^_^)TA(~_~)<7><STEAM_0:0:2029958108><TERRORIST>" killed "ThongCaTheGioi<5><STEAM_0:0:787808286><CT>" with "scout"
L 04/23/2020 - 23:15:06: "Ming<3><STEAM_0:0:787808286><TERRORIST>" killed "Rama_MSE<1><STEAM_0:0:1477578223><CT>" with "ak47"
L 04/23/2020 - 23:15:06: Team "TERRORIST" triggered "Terrorists_Win" (CT "6") (T "4")
L 04/23/2020 - 23:15:06: World triggered "Round_End"
L 04/23/2020 - 23:15:18: World triggered "Round_Start"
L 04/23/2020 - 23:15:25: "Ming<3><STEAM_0:0:787808286><TERRORIST>" killed "Rama_MSE<1><STEAM_0:0:1477578223><CT>" with "ak47"
L 04/23/2020 - 23:15:34: "Ming<3><STEAM_0:0:787808286><TERRORIST>" killed "Mr.Donkey<6><STEAM_0:0:1835451154><CT>" with "ak47"
L 04/23/2020 - 23:15:34: "ThongCaTheGioi<5><STEAM_0:0:787808286><CT>" killed "Ming<3><STEAM_0:0:787808286><TERRORIST>" with "m4a1"
L 04/23/2020 - 23:16:19: "ThongCaTheGioi<5><STEAM_0:0:787808286><CT>" killed "(^_^)TA(~_~)<7><STEAM_0:0:2029958108><TERRORIST>" with "m4a1"
L 04/23/2020 - 23:16:19: Team "CT" triggered "CTs_Win" (CT "7") (T "4")
L 04/23/2020 - 23:16:19: World triggered "Round_End"
L 04/23/2020 - 23:16:31: World triggered "Round_Start"
L 04/23/2020 - 23:16:42: "Ming<3><STEAM_0:0:787808286><TERRORIST>" killed "Mr.Donkey<6><STEAM_0:0:1835451154><CT>" with "ak47"
L 04/23/2020 - 23:16:42: "(^_^)TA(~_~)<7><STEAM_0:0:2029958108><TERRORIST>" killed "Rama_MSE<1><STEAM_0:0:1477578223><CT>" with "ak47"
L 04/23/2020 - 23:16:45: "ThongCaTheGioi<5><STEAM_0:0:787808286><CT>" killed "Ming<3><STEAM_0:0:787808286><TERRORIST>" with "m4a1"
L 04/23/2020 - 23:16:59: "(^_^)TA(~_~)<7><STEAM_0:0:2029958108><TERRORIST>" killed "ThongCaTheGioi<5><STEAM_0:0:787808286><CT>" with "ak47"
L 04/23/2020 - 23:16:59: Team "TERRORIST" triggered "Terrorists_Win" (CT "7") (T "5")
L 04/23/2020 - 23:16:59: World triggered "Round_End"
L 04/23/2020 - 23:17:11: World triggered "Round_Start"
L 04/23/2020 - 23:17:23: "Ming<3><STEAM_0:0:787808286><TERRORIST>" killed "Rama_MSE<1><STEAM_0:0:1477578223><CT>" with "ak47"
L 04/23/2020 - 23:17:25: "Mr.Donkey<6><STEAM_0:0:1835451154><CT>" killed "(^_^)TA(~_~)<7><STEAM_0:0:2029958108><TERRORIST>" with "deagle"
L 04/23/2020 - 23:17:32: "Mr.Donkey<6><STEAM_0:0:1835451154><CT>" killed "Ming<3><STEAM_0:0:787808286><TERRORIST>" with "deagle"
L 04/23/2020 - 23:17:32: Team "CT" triggered "CTs_Win" (CT "8") (T "5")
L 04/23/2020 - 23:17:32: World triggered "Round_End"
L 04/23/2020 - 23:17:44: World triggered "Round_Start"
L 04/23/2020 - 23:17:49: "(^_^)TA(~_~)<7><STEAM_0:0:2029958108><TERRORIST>" killed "Mr.Donkey<6><STEAM_0:0:1835451154><CT>" with "scout"
L 04/23/2020 - 23:18:00: "ThongCaTheGioi<5><STEAM_0:0:787808286><CT>" killed "Ming<3><STEAM_0:0:787808286><TERRORIST>" with "m4a1"
L 04/23/2020 - 23:18:15: "(^_^)TA(~_~)<7><STEAM_0:0:2029958108><TERRORIST>" killed "Rama_MSE<1><STEAM_0:0:1477578223><CT>" with "glock18"
L 04/23/2020 - 23:18:19: "ThongCaTheGioi<5><STEAM_0:0:787808286><CT>" killed "(^_^)TA(~_~)<7><STEAM_0:0:2029958108><TERRORIST>" with "m4a1"
L 04/23/2020 - 23:18:19: Team "CT" triggered "CTs_Win" (CT "9") (T "5")
L 04/23/2020 - 23:18:19: World triggered "Round_End"
L 04/23/2020 - 23:18:31: World triggered "Round_Start"
L 04/23/2020 - 23:18:54: "Ming<3><STEAM_0:0:787808286><TERRORIST>" killed "ThongCaTheGioi<5><STEAM_0:0:787808286><CT>" with "deagle"
L 04/23/2020 - 23:19:06: "Ming<3><STEAM_0:0:787808286><TERRORIST>" killed "Mr.Donkey<6><STEAM_0:0:1835451154><CT>" with "m4a1"
L 04/23/2020 - 23:19:14: "(^_^)TA(~_~)<7><STEAM_0:0:2029958108><TERRORIST>" killed "Rama_MSE<1><STEAM_0:0:1477578223><CT>" with "knife"
L 04/23/2020 - 23:19:14: Team "TERRORIST" triggered "Terrorists_Win" (CT "9") (T "6")
L 04/23/2020 - 23:19:14: World triggered "Round_End"
L 04/23/2020 - 23:19:26: World triggered "Round_Start"
L 04/23/2020 - 23:19:49: "Rama_MSE<1><STEAM_0:0:1477578223><CT>" killed "(^_^)TA(~_~)<7><STEAM_0:0:2029958108><TERRORIST>" with "deagle"
L 04/23/2020 - 23:19:51: "Ming<3><STEAM_0:0:787808286><TERRORIST>" killed "Rama_MSE<1><STEAM_0:0:1477578223><CT>" with "m4a1"
L 04/23/2020 - 23:19:55: "(^_^)TA(~_~)<7><STEAM_0:0:2029958108><TERRORIST>" say ":((" (dead)
L 04/23/2020 - 23:20:00: "Ming<3><STEAM_0:0:787808286><TERRORIST>" killed "ThongCaTheGioi<5><STEAM_0:0:787808286><CT>" with "m4a1"
L 04/23/2020 - 23:20:08: "Ming<3><STEAM_0:0:787808286><TERRORIST>" killed "Mr.Donkey<6><STEAM_0:0:1835451154><CT>" with "m4a1"
L 04/23/2020 - 23:20:08: Team "TERRORIST" triggered "Terrorists_Win" (CT "9") (T "7")
L 04/23/2020 - 23:20:08: World triggered "Round_End"
L 04/23/2020 - 23:20:20: World triggered "Round_Start"
L 04/23/2020 - 23:20:29: "ThongCaTheGioi<5><STEAM_0:0:787808286><CT>" killed "Ming<3><STEAM_0:0:787808286><TERRORIST>" with "m4a1"
L 04/23/2020 - 23:20:34: "ThongCaTheGioi<5><STEAM_0:0:787808286><CT>" killed "(^_^)TA(~_~)<7><STEAM_0:0:2029958108><TERRORIST>" with "m4a1"
L 04/23/2020 - 23:20:34: Team "CT" triggered "CTs_Win" (CT "10") (T "7")
L 04/23/2020 - 23:20:34: World triggered "Round_End"
L 04/23/2020 - 23:20:46: World triggered "Round_Start"
L 04/23/2020 - 23:21:06: "Mr.Donkey<6><STEAM_0:0:1835451154><CT>" killed "(^_^)TA(~_~)<7><STEAM_0:0:2029958108><TERRORIST>" with "m4a1"
L 04/23/2020 - 23:21:16: "Ming<3><STEAM_0:0:787808286><TERRORIST>" killed "Mr.Donkey<6><STEAM_0:0:1835451154><CT>" with "ak47"
L 04/23/2020 - 23:21:27: "Rama_MSE<1><STEAM_0:0:1477578223><CT>" killed "Ming<3><STEAM_0:0:787808286><TERRORIST>" with "ak47"
L 04/23/2020 - 23:21:27: Team "CT" triggered "CTs_Win" (CT "11") (T "7")
L 04/23/2020 - 23:21:27: World triggered "Round_End"
L 04/23/2020 - 23:21:39: World triggered "Round_Start"
L 04/23/2020 - 23:21:56: "Ming<3><STEAM_0:0:787808286><TERRORIST>" killed "ThongCaTheGioi<5><STEAM_0:0:787808286><CT>" with "ak47"
L 04/23/2020 - 23:22:03: "(^_^)TA(~_~)<7><STEAM_0:0:2029958108><TERRORIST>" killed "Mr.Donkey<6><STEAM_0:0:1835451154><CT>" with "grenade"
L 04/23/2020 - 23:22:13: "Ming<3><STEAM_0:0:787808286><TERRORIST>" killed "Rama_MSE<1><STEAM_0:0:1477578223><CT>" with "ak47"
L 04/23/2020 - 23:22:13: Team "TERRORIST" triggered "Terrorists_Win" (CT "11") (T "8")
L 04/23/2020 - 23:22:13: World triggered "Round_End"
L 04/23/2020 - 23:22:25: World triggered "Round_Start"
L 04/23/2020 - 23:22:43: "Mr.Donkey<6><STEAM_0:0:1835451154><CT>" killed "Ming<3><STEAM_0:0:787808286><TERRORIST>" with "deagle"
L 04/23/2020 - 23:22:49: "(^_^)TA(~_~)<7><STEAM_0:0:2029958108><TERRORIST>" killed "Rama_MSE<1><STEAM_0:0:1477578223><CT>" with "m4a1"
L 04/23/2020 - 23:22:56: "(^_^)TA(~_~)<7><STEAM_0:0:2029958108><TERRORIST>" killed "ThongCaTheGioi<5><STEAM_0:0:787808286><CT>" with "deagle"
L 04/23/2020 - 23:23:17: "(^_^)TA(~_~)<7><STEAM_0:0:2029958108><TERRORIST>" killed "Mr.Donkey<6><STEAM_0:0:1835451154><CT>" with "m4a1"
L 04/23/2020 - 23:23:17: Team "TERRORIST" triggered "Terrorists_Win" (CT "11") (T "9")
L 04/23/2020 - 23:23:17: World triggered "Round_End"
L 04/23/2020 - 23:23:29: World triggered "Round_Start"
L 04/23/2020 - 23:23:53: "(^_^)TA(~_~)<7><STEAM_0:0:2029958108><TERRORIST>" killed "Rama_MSE<1><STEAM_0:0:1477578223><CT>" with "m4a1"
L 04/23/2020 - 23:23:55: "(^_^)TA(~_~)<7><STEAM_0:0:2029958108><TERRORIST>" killed "ThongCaTheGioi<5><STEAM_0:0:787808286><CT>" with "m4a1"
L 04/23/2020 - 23:23:58: "Ming<3><STEAM_0:0:787808286><TERRORIST>" killed "Mr.Donkey<6><STEAM_0:0:1835451154><CT>" with "ak47"
L 04/23/2020 - 23:23:58: Team "TERRORIST" triggered "Terrorists_Win" (CT "11") (T "10")
L 04/23/2020 - 23:23:58: World triggered "Round_End"
L 04/23/2020 - 23:24:10: World triggered "Round_Start"
L 04/23/2020 - 23:24:21: "Ming<3><STEAM_0:0:787808286><TERRORIST>" killed "Rama_MSE<1><STEAM_0:0:1477578223><CT>" with "ak47"
L 04/23/2020 - 23:24:36: "Mr.Donkey<6><STEAM_0:0:1835451154><CT>" killed "Ming<3><STEAM_0:0:787808286><TERRORIST>" with "famas"
L 04/23/2020 - 23:24:38: "(^_^)TA(~_~)<7><STEAM_0:0:2029958108><TERRORIST>" killed "ThongCaTheGioi<5><STEAM_0:0:787808286><CT>" with "m4a1"
L 04/23/2020 - 23:25:16: "Mr.Donkey<6><STEAM_0:0:1835451154><CT>" killed "(^_^)TA(~_~)<7><STEAM_0:0:2029958108><TERRORIST>" with "usp"
L 04/23/2020 - 23:25:16: Team "CT" triggered "CTs_Win" (CT "12") (T "10")
L 04/23/2020 - 23:25:16: World triggered "Round_End"
L 04/23/2020 - 23:25:28: World triggered "Round_Start"
L 04/23/2020 - 23:25:41: "Mr.Donkey<6><STEAM_0:0:1835451154><CT>" killed "Ming<3><STEAM_0:0:787808286><TERRORIST>" with "m4a1"
L 04/23/2020 - 23:25:51: "Mr.Donkey<6><STEAM_0:0:1835451154><CT>" killed "(^_^)TA(~_~)<7><STEAM_0:0:2029958108><TERRORIST>" with "m4a1"
L 04/23/2020 - 23:25:51: Team "CT" triggered "CTs_Win" (CT "13") (T "10")
L 04/23/2020 - 23:25:51: World triggered "Round_End"
L 04/23/2020 - 23:26:03: World triggered "Round_Start"
L 04/23/2020 - 23:26:27: "Mr.Donkey<6><STEAM_0:0:1835451154><CT>" killed "(^_^)TA(~_~)<7><STEAM_0:0:2029958108><TERRORIST>" with "m4a1"
L 04/23/2020 - 23:26:29: "Ming<3><STEAM_0:0:787808286><TERRORIST>" killed "ThongCaTheGioi<5><STEAM_0:0:787808286><CT>" with "ak47"
L 04/23/2020 - 23:26:34: "Ming<3><STEAM_0:0:787808286><TERRORIST>" killed "Mr.Donkey<6><STEAM_0:0:1835451154><CT>" with "ak47"
L 04/23/2020 - 23:26:44: "Ming<3><STEAM_0:0:787808286><TERRORIST>" killed "Rama_MSE<1><STEAM_0:0:1477578223><CT>" with "ak47"
L 04/23/2020 - 23:26:44: Team "TERRORIST" triggered "Terrorists_Win" (CT "13") (T "11")
L 04/23/2020 - 23:26:44: World triggered "Round_End"
L 04/23/2020 - 23:26:46: "(^_^)TA(~_~)<7><STEAM_0:0:2029958108><TERRORIST>" say "=))" (dead)
L 04/23/2020 - 23:26:56: World triggered "Round_Start"
L 04/23/2020 - 23:27:10: "Mr.Donkey<6><STEAM_0:0:1835451154><CT>" killed "(^_^)TA(~_~)<7><STEAM_0:0:2029958108><TERRORIST>" with "aug"
L 04/23/2020 - 23:27:23: "Ming<3><STEAM_0:0:787808286><TERRORIST>" killed "Rama_MSE<1><STEAM_0:0:1477578223><CT>" with "ak47"
L 04/23/2020 - 23:27:24: "Mr.Donkey<6><STEAM_0:0:1835451154><CT>" killed "Ming<3><STEAM_0:0:787808286><TERRORIST>" with "aug"
L 04/23/2020 - 23:27:24: Team "CT" triggered "CTs_Win" (CT "14") (T "11")
L 04/23/2020 - 23:27:24: World triggered "Round_End"
L 04/23/2020 - 23:27:36: World triggered "Round_Start"
L 04/23/2020 - 23:27:47: "Ming<3><STEAM_0:0:787808286><TERRORIST>" killed "Mr.Donkey<6><STEAM_0:0:1835451154><CT>" with "ak47"
L 04/23/2020 - 23:27:51: "(^_^)TA(~_~)<7><STEAM_0:0:2029958108><TERRORIST>" killed "Rama_MSE<1><STEAM_0:0:1477578223><CT>" with "deagle"
L 04/23/2020 - 23:28:02: "Ming<3><STEAM_0:0:787808286><TERRORIST>" killed "ThongCaTheGioi<5><STEAM_0:0:787808286><CT>" with "ak47"
L 04/23/2020 - 23:28:02: Team "TERRORIST" triggered "Terrorists_Win" (CT "14") (T "12")
L 04/23/2020 - 23:28:02: World triggered "Round_End"
L 04/23/2020 - 23:28:14: World triggered "Round_Start"
L 04/23/2020 - 23:28:25: "Ming<3><STEAM_0:0:787808286><TERRORIST>" killed "ThongCaTheGioi<5><STEAM_0:0:787808286><CT>" with "ak47"
L 04/23/2020 - 23:28:33: "Ming<3><STEAM_0:0:787808286><TERRORIST>" killed "Mr.Donkey<6><STEAM_0:0:1835451154><CT>" with "ak47"
L 04/23/2020 - 23:28:54: "Ming<3><STEAM_0:0:787808286><TERRORIST>" killed "Rama_MSE<1><STEAM_0:0:1477578223><CT>" with "ak47"
L 04/23/2020 - 23:28:54: Team "TERRORIST" triggered "Terrorists_Win" (CT "14") (T "13")
L 04/23/2020 - 23:28:54: World triggered "Round_End"
L 04/23/2020 - 23:29:06: World triggered "Round_Start"
L 04/23/2020 - 23:29:14: "Ming<3><STEAM_0:0:787808286><TERRORIST>" killed "Rama_MSE<1><STEAM_0:0:1477578223><CT>" with "ak47"
L 04/23/2020 - 23:29:23: "Ming<3><STEAM_0:0:787808286><TERRORIST>" killed "Mr.Donkey<6><STEAM_0:0:1835451154><CT>" with "ak47"
L 04/23/2020 - 23:29:27: "Ming<3><STEAM_0:0:787808286><TERRORIST>" killed "ThongCaTheGioi<5><STEAM_0:0:787808286><CT>" with "ak47"
L 04/23/2020 - 23:29:27: Team "TERRORIST" triggered "Terrorists_Win" (CT "14") (T "14")
L 04/23/2020 - 23:29:27: World triggered "Round_End"
L 04/23/2020 - 23:29:39: World triggered "Round_Start"
L 04/23/2020 - 23:29:53: "ThongCaTheGioi<5><STEAM_0:0:787808286><CT>" killed "Ming<3><STEAM_0:0:787808286><TERRORIST>" with "m4a1"
L 04/23/2020 - 23:29:55: "(^_^)TA(~_~)<7><STEAM_0:0:2029958108><TERRORIST>" killed "Mr.Donkey<6><STEAM_0:0:1835451154><CT>" with "grenade"
L 04/23/2020 - 23:29:56: "ThongCaTheGioi<5><STEAM_0:0:787808286><CT>" killed "(^_^)TA(~_~)<7><STEAM_0:0:2029958108><TERRORIST>" with "m4a1"
L 04/23/2020 - 23:29:56: Team "CT" triggered "CTs_Win" (CT "15") (T "14")
L 04/23/2020 - 23:29:56: World triggered "Round_End"
L 04/23/2020 - 23:30:01: "(^_^)TA(~_~)<7><STEAM_0:0:2029958108><TERRORIST>" say ":))"
L 04/23/2020 - 23:30:08: World triggered "Round_Start"
L 04/23/2020 - 23:30:20: "(^_^)TA(~_~)<7><STEAM_0:0:2029958108><TERRORIST>" killed "ThongCaTheGioi<5><STEAM_0:0:787808286><CT>" with "ak47"
L 04/23/2020 - 23:30:20: "Ming<3><STEAM_0:0:787808286><TERRORIST>" killed "Mr.Donkey<6><STEAM_0:0:1835451154><CT>" with "ak47"
L 04/23/2020 - 23:30:32: "Rama_MSE<1><STEAM_0:0:1477578223><CT>" killed "Ming<3><STEAM_0:0:787808286><TERRORIST>" with "m4a1"
L 04/23/2020 - 23:30:50: "(^_^)TA(~_~)<7><STEAM_0:0:2029958108><TERRORIST>" killed "Rama_MSE<1><STEAM_0:0:1477578223><CT>" with "ak47"
L 04/23/2020 - 23:30:50: Team "TERRORIST" triggered "Terrorists_Win" (CT "15") (T "15")
L 04/23/2020 - 23:30:50: World triggered "Round_End"
L 04/23/2020 - 23:31:02: World triggered "Round_Start"
L 04/23/2020 - 23:31:16: "Ming<3><STEAM_0:0:787808286><TERRORIST>" killed "Mr.Donkey<6><STEAM_0:0:1835451154><CT>" with "ak47"
L 04/23/2020 - 23:31:20: "(^_^)TA(~_~)<7><STEAM_0:0:2029958108><TERRORIST>" killed "Rama_MSE<1><STEAM_0:0:1477578223><CT>" with "ak47"
L 04/23/2020 - 23:31:34: "ThongCaTheGioi<5><STEAM_0:0:787808286><CT>" killed "Ming<3><STEAM_0:0:787808286><TERRORIST>" with "m4a1"
L 04/23/2020 - 23:31:38: "ThongCaTheGioi<5><STEAM_0:0:787808286><CT>" killed "(^_^)TA(~_~)<7><STEAM_0:0:2029958108><TERRORIST>" with "m4a1"
L 04/23/2020 - 23:31:38: Team "CT" triggered "CTs_Win" (CT "16") (T "15")
L 04/23/2020 - 23:31:38: World triggered "Round_End"
L 04/23/2020 - 23:31:50: World triggered "Round_Start"
L 04/23/2020 - 23:32:09: "Ming<3><STEAM_0:0:787808286><TERRORIST>" killed "Mr.Donkey<6><STEAM_0:0:1835451154><CT>" with "ak47"
L 04/23/2020 - 23:32:13: "ThongCaTheGioi<5><STEAM_0:0:787808286><CT>" killed "Ming<3><STEAM_0:0:787808286><TERRORIST>" with "m4a1"
L 04/23/2020 - 23:32:15: "(^_^)TA(~_~)<7><STEAM_0:0:2029958108><TERRORIST>" killed "Rama_MSE<1><STEAM_0:0:1477578223><CT>" with "galil"
L 04/23/2020 - 23:32:17: "(^_^)TA(~_~)<7><STEAM_0:0:2029958108><TERRORIST>" killed "ThongCaTheGioi<5><STEAM_0:0:787808286><CT>" with "galil"
L 04/23/2020 - 23:32:17: Team "TERRORIST" triggered "Terrorists_Win" (CT "16") (T "16")
L 04/23/2020 - 23:32:17: World triggered "Round_End"
L 04/23/2020 - 23:32:29: World triggered "Round_Start"
L 04/23/2020 - 23:32:40: "ThongCaTheGioi<5><STEAM_0:0:787808286><CT>" killed "Ming<3><STEAM_0:0:787808286><TERRORIST>" with "m4a1"
L 04/23/2020 - 23:32:51: "(^_^)TA(~_~)<7><STEAM_0:0:2029958108><TERRORIST>" killed "ThongCaTheGioi<5><STEAM_0:0:787808286><CT>" with "grenade"
L 04/23/2020 - 23:32:57: "Rama_MSE<1><STEAM_0:0:1477578223><CT>" killed "(^_^)TA(~_~)<7><STEAM_0:0:2029958108><TERRORIST>" with "ak47"
L 04/23/2020 - 23:32:57: Team "CT" triggered "CTs_Win" (CT "17") (T "16")
L 04/23/2020 - 23:32:57: World triggered "Round_End"
L 04/23/2020 - 23:33:09: World triggered "Round_Start"
L 04/23/2020 - 23:33:23: "(^_^)TA(~_~)<7><STEAM_0:0:2029958108><TERRORIST>" killed "Mr.Donkey<6><STEAM_0:0:1835451154><CT>" with "galil"
L 04/23/2020 - 23:33:23: "ThongCaTheGioi<5><STEAM_0:0:787808286><CT>" killed "(^_^)TA(~_~)<7><STEAM_0:0:2029958108><TERRORIST>" with "m4a1"
L 04/23/2020 - 23:33:23: "Ming<3><STEAM_0:0:787808286><TERRORIST>" killed "ThongCaTheGioi<5><STEAM_0:0:787808286><CT>" with "ak47"
L 04/23/2020 - 23:33:35: "Rama_MSE<1><STEAM_0:0:1477578223><CT>" killed "Ming<3><STEAM_0:0:787808286><TERRORIST>" with "ak47"
L 04/23/2020 - 23:33:35: Team "CT" triggered "CTs_Win" (CT "18") (T "16")
L 04/23/2020 - 23:33:35: World triggered "Round_End"
L 04/23/2020 - 23:33:37: "(^_^)TA(~_~)<7><STEAM_0:0:2029958108><TERRORIST>" say "=)))" (dead)
L 04/23/2020 - 23:33:47: World triggered "Round_Start"
L 04/23/2020 - 23:33:58: "Ming<3><STEAM_0:0:787808286><TERRORIST>" killed "ThongCaTheGioi<5><STEAM_0:0:787808286><CT>" with "deagle"
L 04/23/2020 - 23:34:04: "Ming<3><STEAM_0:0:787808286><TERRORIST>" killed "Rama_MSE<1><STEAM_0:0:1477578223><CT>" with "m4a1"
L 04/23/2020 - 23:34:18: "Ming<3><STEAM_0:0:787808286><TERRORIST>" killed "Mr.Donkey<6><STEAM_0:0:1835451154><CT>" with "m4a1"
L 04/23/2020 - 23:34:18: Team "TERRORIST" triggered "Terrorists_Win" (CT "18") (T "17")
L 04/23/2020 - 23:34:18: World triggered "Round_End"
L 04/23/2020 - 23:34:30: World triggered "Round_Start"
L 04/23/2020 - 23:34:49: "Ming<3><STEAM_0:0:787808286><TERRORIST>" killed "ThongCaTheGioi<5><STEAM_0:0:787808286><CT>" with "m4a1"
L 04/23/2020 - 23:34:56: "Mr.Donkey<6><STEAM_0:0:1835451154><CT>" killed "Ming<3><STEAM_0:0:787808286><TERRORIST>" with "mp5navy"
L 04/23/2020 - 23:35:00: "(^_^)TA(~_~)<7><STEAM_0:0:2029958108><TERRORIST>" killed "Mr.Donkey<6><STEAM_0:0:1835451154><CT>" with "ak47"
L 04/23/2020 - 23:35:36: "Rama_MSE<1><STEAM_0:0:1477578223><CT>" killed "(^_^)TA(~_~)<7><STEAM_0:0:2029958108><TERRORIST>" with "awp"
L 04/23/2020 - 23:35:36: Team "CT" triggered "CTs_Win" (CT "19") (T "17")
L 04/23/2020 - 23:35:36: World triggered "Round_End"
L 04/23/2020 - 23:35:39: "(^_^)TA(~_~)<7><STEAM_0:0:2029958108><TERRORIST>" say "=))" (dead)
L 04/23/2020 - 23:35:48: World triggered "Round_Start"
L 04/23/2020 - 23:36:24: "Ming<3><STEAM_0:0:787808286><TERRORIST>" killed "ThongCaTheGioi<5><STEAM_0:0:787808286><CT>" with "ak47"
L 04/23/2020 - 23:36:29: "(^_^)TA(~_~)<7><STEAM_0:0:2029958108><TERRORIST>" killed "Mr.Donkey<6><STEAM_0:0:1835451154><CT>" with "deagle"
L 04/23/2020 - 23:36:40: "Rama_MSE<1><STEAM_0:0:1477578223><CT>" killed "Ming<3><STEAM_0:0:787808286><TERRORIST>" with "awp"
L 04/23/2020 - 23:36:59: "Rama_MSE<1><STEAM_0:0:1477578223><CT>" killed "(^_^)TA(~_~)<7><STEAM_0:0:2029958108><TERRORIST>" with "awp"
L 04/23/2020 - 23:36:59: Team "CT" triggered "CTs_Win" (CT "20") (T "17")
L 04/23/2020 - 23:36:59: World triggered "Round_End"
L 04/23/2020 - 23:37:11: World triggered "Round_Start"
L 04/23/2020 - 23:37:33: "Rama_MSE<1><STEAM_0:0:1477578223><CT>" killed "Ming<3><STEAM_0:0:787808286><TERRORIST>" with "awp"
L 04/23/2020 - 23:37:41: "Mr.Donkey<6><STEAM_0:0:1835451154><CT>" killed "(^_^)TA(~_~)<7><STEAM_0:0:2029958108><TERRORIST>" with "usp"
L 04/23/2020 - 23:37:41: Team "CT" triggered "CTs_Win" (CT "21") (T "17")
L 04/23/2020 - 23:37:41: World triggered "Round_End"
L 04/23/2020 - 23:37:46: "Ming<3><STEAM_0:0:787808286><TERRORIST>" disconnected
L 04/23/2020 - 23:37:47: "ThongCaTheGioi<5><STEAM_0:0:787808286><CT>" disconnected
L 04/23/2020 - 23:37:51: "(^_^)TA(~_~)<7><STEAM_0:0:2029958108><TERRORIST>" say "ngi hen'"
L 04/23/2020 - 23:37:53: World triggered "Round_Start"
L 04/23/2020 - 23:37:54: [META] ini: Begin re-reading plugins list: f:/game/hl 1.6/counter strike cataclysm/cstrike/addons/metamod/plugins.ini
L 04/23/2020 - 23:37:54: [META] ini: Read plugin config for: dproto_EF
L 04/23/2020 - 23:37:54: [META] ini: Read plugin config for: AMX Mod X
L 04/23/2020 - 23:37:54: [META] ini: Finished reading plugins list: f:/game/hl 1.6/counter strike cataclysm/cstrike/addons/metamod/plugins.ini; Found 2 plugins
L 04/23/2020 - 23:37:54: [META] dll: Updating plugins...
L 04/23/2020 - 23:37:54: [META] dll: Finished updating 5 plugins; kept 1, loaded 0, unloaded 0, reloaded 0, delayed 0
L 04/23/2020 - 23:37:54: "Rama_MSE<-1><><CT>" disconnected
L 04/23/2020 - 23:37:54: "Mr.Donkey<-1><><CT>" disconnected
L 04/23/2020 - 23:37:54: "(^_^)TA(~_~)<-1><><TERRORIST>" disconnected
L 04/23/2020 - 23:37:54: World triggered "Round_Draw" (CT "21") (T "17")
L 04/23/2020 - 23:37:54: World triggered "Round_End"
L 04/23/2020 - 23:37:54: Server shutdown
L 04/23/2020 - 23:37:54: Log file closed
