L 04/20/2020 - 12:02:19: Log file started (file "logs\L0420002.log") (game "cstrike") (version "48/1.1.2.6/4554")
L 04/20/2020 - 12:02:19: Loading map "cs_deathmatch"
L 04/20/2020 - 12:02:19: Server cvars start
L 04/20/2020 - 12:02:19: Server cvar "_tutor_bomb_viewable_check_interval" = "0.5"
L 04/20/2020 - 12:02:19: Server cvar "_tutor_debug_level" = "0"
L 04/20/2020 - 12:02:19: Server cvar "_tutor_examine_time" = "0.5"
L 04/20/2020 - 12:02:19: Server cvar "_tutor_hint_interval_time" = "10.0"
L 04/20/2020 - 12:02:19: Server cvar "_tutor_look_angle" = "10"
L 04/20/2020 - 12:02:19: Server cvar "_tutor_look_distance" = "200"
L 04/20/2020 - 12:02:19: Server cvar "_tutor_message_character_display_time_coefficient" = "0.07"
L 04/20/2020 - 12:02:19: Server cvar "_tutor_message_minimum_display_time" = "1"
L 04/20/2020 - 12:02:19: Server cvar "_tutor_message_repeats" = "5"
L 04/20/2020 - 12:02:19: Server cvar "_tutor_view_distance" = "1000"
L 04/20/2020 - 12:02:19: Server cvar "allow_spectators" = "1.0"
L 04/20/2020 - 12:02:19: Server cvar "amx_client_languages" = ""
L 04/20/2020 - 12:02:19: Server cvar "amxmodx_version" = ""
L 04/20/2020 - 12:02:19: Server cvar "bot_allow_grenades" = "1"
L 04/20/2020 - 12:02:19: Server cvar "bot_allow_machine_guns" = "1"
L 04/20/2020 - 12:02:19: Server cvar "bot_allow_pistols" = "1"
L 04/20/2020 - 12:02:19: Server cvar "bot_allow_rifles" = "1"
L 04/20/2020 - 12:02:19: Server cvar "bot_allow_rogues" = "1"
L 04/20/2020 - 12:02:19: Server cvar "bot_allow_shield" = "1"
L 04/20/2020 - 12:02:19: Server cvar "bot_allow_shotguns" = "1"
L 04/20/2020 - 12:02:19: Server cvar "bot_allow_snipers" = "1"
L 04/20/2020 - 12:02:19: Server cvar "bot_allow_sub_machine_guns" = "1"
L 04/20/2020 - 12:02:19: Server cvar "bot_auto_vacate" = "1"
L 04/20/2020 - 12:02:19: Server cvar "bot_chatter" = "normal"
L 04/20/2020 - 12:02:19: Server cvar "bot_debug" = "0"
L 04/20/2020 - 12:02:19: Server cvar "bot_defer_to_human" = "0"
L 04/20/2020 - 12:02:19: Server cvar "bot_difficulty" = "0"
L 04/20/2020 - 12:02:19: Server cvar "bot_join_after_player" = "1"
L 04/20/2020 - 12:02:19: Server cvar "bot_join_team" = "any"
L 04/20/2020 - 12:02:19: Server cvar "bot_nav_edit" = "0"
L 04/20/2020 - 12:02:19: Server cvar "bot_nav_zdraw" = "4"
L 04/20/2020 - 12:02:19: Server cvar "bot_prefix" = ""
L 04/20/2020 - 12:02:19: Server cvar "bot_profile_db" = "BotProfile.db"
L 04/20/2020 - 12:02:19: Server cvar "bot_quicksave" = "0"
L 04/20/2020 - 12:02:19: Server cvar "bot_quota" = "0"
L 04/20/2020 - 12:02:19: Server cvar "bot_quota_match" = "0"
L 04/20/2020 - 12:02:19: Server cvar "bot_show_danger" = "0"
L 04/20/2020 - 12:02:19: Server cvar "bot_show_nav" = "0"
L 04/20/2020 - 12:02:19: Server cvar "bot_stop" = "0"
L 04/20/2020 - 12:02:19: Server cvar "bot_traceview" = "0"
L 04/20/2020 - 12:02:19: Server cvar "bot_walk" = "0"
L 04/20/2020 - 12:02:19: Server cvar "bot_zombie" = "0"
L 04/20/2020 - 12:02:19: Server cvar "coop" = "0"
L 04/20/2020 - 12:02:19: Server cvar "deathmatch" = "1"
L 04/20/2020 - 12:02:19: Server cvar "decalfrequency" = "30"
L 04/20/2020 - 12:02:19: Server cvar "edgefriction" = "2"
L 04/20/2020 - 12:02:19: Server cvar "hostage_debug" = "0"
L 04/20/2020 - 12:02:19: Server cvar "hostage_stop" = "0"
L 04/20/2020 - 12:02:19: Server cvar "humans_join_team" = "any"
L 04/20/2020 - 12:02:19: Server cvar "max_queries_sec" = "3.0"
L 04/20/2020 - 12:02:19: Server cvar "max_queries_sec_global" = "30"
L 04/20/2020 - 12:02:19: Server cvar "max_queries_window" = "60"
L 04/20/2020 - 12:02:19: Server cvar "metamod_version" = "1.19p32"
L 04/20/2020 - 12:02:19: Server cvar "mp_allowmonsters" = "0"
L 04/20/2020 - 12:02:19: Server cvar "mp_autokick" = "1"
L 04/20/2020 - 12:02:19: Server cvar "mp_autoteambalance" = "1"
L 04/20/2020 - 12:02:19: Server cvar "mp_buytime" = "1.5"
L 04/20/2020 - 12:02:19: Server cvar "mp_c4timer" = "45"
L 04/20/2020 - 12:02:19: Server cvar "mp_chattime" = "10"
L 04/20/2020 - 12:02:19: Server cvar "mp_consistency" = "1"
L 04/20/2020 - 12:02:19: Server cvar "mp_fadetoblack" = "0"
L 04/20/2020 - 12:02:19: Server cvar "mp_flashlight" = "0"
L 04/20/2020 - 12:02:19: Server cvar "mp_footsteps" = "1"
L 04/20/2020 - 12:02:19: Server cvar "mp_forcecamera" = "0"
L 04/20/2020 - 12:02:19: Server cvar "mp_forcechasecam" = "0"
L 04/20/2020 - 12:02:19: Server cvar "mp_fragsleft" = "0"
L 04/20/2020 - 12:02:19: Server cvar "mp_freezetime" = "6"
L 04/20/2020 - 12:02:19: Server cvar "mp_friendlyfire" = "0"
L 04/20/2020 - 12:02:19: Server cvar "mp_ghostfrequency" = "0.1"
L 04/20/2020 - 12:02:19: Server cvar "mp_hostagepenalty" = "13"
L 04/20/2020 - 12:02:19: Server cvar "mp_kickpercent" = "0.66"
L 04/20/2020 - 12:02:19: Server cvar "mp_limitteams" = "2"
L 04/20/2020 - 12:02:19: Server cvar "mp_logdetail" = "0"
L 04/20/2020 - 12:02:19: Server cvar "mp_logfile" = "1"
L 04/20/2020 - 12:02:19: Server cvar "mp_logmessages" = "1"
L 04/20/2020 - 12:02:19: Server cvar "mp_mapvoteratio" = "0.66"
L 04/20/2020 - 12:02:19: Server cvar "mp_maxrounds" = "0"
L 04/20/2020 - 12:02:19: Server cvar "mp_mirrordamage" = "0"
L 04/20/2020 - 12:02:19: Server cvar "mp_playerid" = "0"
L 04/20/2020 - 12:02:19: Server cvar "mp_roundtime" = "5"
L 04/20/2020 - 12:02:19: Server cvar "mp_startmoney" = "800"
L 04/20/2020 - 12:02:19: Server cvar "mp_timeleft" = "0"
L 04/20/2020 - 12:02:19: Server cvar "mp_timelimit" = "0"
L 04/20/2020 - 12:02:19: Server cvar "mp_tkpunish" = "0"
L 04/20/2020 - 12:02:19: Server cvar "mp_windifference" = "1"
L 04/20/2020 - 12:02:19: Server cvar "mp_winlimit" = "0"
L 04/20/2020 - 12:02:19: Server cvar "pausable" = "1"
L 04/20/2020 - 12:02:19: Server cvar "sv_accelerate" = "10"
L 04/20/2020 - 12:02:19: Server cvar "sv_aim" = "0"
L 04/20/2020 - 12:02:19: Server cvar "sv_airaccelerate" = "10"
L 04/20/2020 - 12:02:19: Server cvar "sv_airmove" = "1"
L 04/20/2020 - 12:02:19: Server cvar "sv_allowupload" = "1"
L 04/20/2020 - 12:02:19: Server cvar "sv_bounce" = "1"
L 04/20/2020 - 12:02:19: Server cvar "sv_cheats" = "0"
L 04/20/2020 - 12:02:19: Server cvar "sv_clienttrace" = "1"
L 04/20/2020 - 12:02:19: Server cvar "sv_clipmode" = "0"
L 04/20/2020 - 12:02:19: Server cvar "sv_contact" = ""
L 04/20/2020 - 12:02:19: Server cvar "sv_friction" = "4"
L 04/20/2020 - 12:02:19: Server cvar "sv_gravity" = "800"
L 04/20/2020 - 12:02:19: Server cvar "sv_logblocks" = "0"
L 04/20/2020 - 12:02:19: Server cvar "sv_maxrate" = "0"
L 04/20/2020 - 12:02:19: Server cvar "sv_maxspeed" = "320"
L 04/20/2020 - 12:02:19: Server cvar "sv_minrate" = "0"
L 04/20/2020 - 12:02:19: Server cvar "sv_password" = ""
L 04/20/2020 - 12:02:19: Server cvar "sv_proxies" = "1"
L 04/20/2020 - 12:02:19: Server cvar "sv_region" = "-1"
L 04/20/2020 - 12:02:19: Server cvar "sv_restart" = "0"
L 04/20/2020 - 12:02:19: Server cvar "sv_restartround" = "0"
L 04/20/2020 - 12:02:19: Server cvar "sv_stepsize" = "18"
L 04/20/2020 - 12:02:19: Server cvar "sv_stopspeed" = "100"
L 04/20/2020 - 12:02:19: Server cvar "sv_uploadmax" = "0.5"
L 04/20/2020 - 12:02:19: Server cvar "sv_voiceenable" = "1"
L 04/20/2020 - 12:02:19: Server cvar "sv_wateraccelerate" = "10"
L 04/20/2020 - 12:02:19: Server cvar "sv_waterfriction" = "1"
L 04/20/2020 - 12:02:19: Server cvars end
L 04/20/2020 - 12:02:19: Server cvar "amxmodx_version" = "1.8.1.3746"
L 04/20/2020 - 12:02:19: Server cvar "sv_maxspeed" = "900"
L 04/20/2020 - 12:02:19: Server cvar "bot_difficulty" = "3"
L 04/20/2020 - 12:02:19: Server cvar "bot_join_after_player" = "0"
L 04/20/2020 - 12:02:19: Server cvar "bot_allow_shotguns" = "0"
L 04/20/2020 - 12:02:19: Server cvar "bot_allow_sub_machine_guns" = "0"
L 04/20/2020 - 12:02:19: Server cvar "bot_allow_machine_guns" = "0"
L 04/20/2020 - 12:02:19: Server cvar "bot_allow_shield" = "0"
L 04/20/2020 - 12:02:19: Server cvar "bot_quota" = "9"
L 04/20/2020 - 12:02:19: Server cvar "bot_chatter" = "minimal"
L 04/20/2020 - 12:02:19: Server cvar "bot_prefix" = "CSC|"
L 04/20/2020 - 12:02:19: Server cvar "mp_autoteambalance" = "0"
L 04/20/2020 - 12:02:19: Server cvar "mp_limitteams" = "0"
L 04/20/2020 - 12:02:19: Server cvar "mp_timelimit" = "0.000000"
L 04/20/2020 - 12:02:19: Server cvar "mp_winlimit" = "30.000000"
L 04/20/2020 - 12:02:19: Server cvar "mp_maxrounds" = "0.000000"
L 04/20/2020 - 12:02:19: Server cvar "mp_roundtime" = "1.750000"
L 04/20/2020 - 12:02:19: Server cvar "mp_freezetime" = "3.000000"
L 04/20/2020 - 12:02:19: Server cvar "mp_buytime" = "0.250000"
L 04/20/2020 - 12:02:19: Server cvar "mp_startmoney" = "16000.000000"
L 04/20/2020 - 12:02:19: Server cvar "mp_forcecamera" = "1"
L 04/20/2020 - 12:02:19: Server cvar "mp_autokick" = "0"
L 04/20/2020 - 12:02:19: Server cvar "mp_hostagepenalty" = "5.000000"
L 04/20/2020 - 12:02:19: Server cvar "mp_flashlight" = "1"
L 04/20/2020 - 12:02:19: Server cvar "pausable" = "0"
L 04/20/2020 - 12:02:23: Server cvar "amx_language" = "en"
L 04/20/2020 - 12:02:23: Server cvar "amx_client_languages" = "1"
L 04/20/2020 - 12:02:24: Server cvar "amx_nextmap" = "de_aztec"
L 04/20/2020 - 12:02:24: Server cvar "sv_accelerate" = "5"
L 04/20/2020 - 12:02:24: Server cvar "sv_stopspeed" = "75"
L 04/20/2020 - 12:02:24: Started map "cs_deathmatch" (CRC "-1020078065")
L 04/20/2020 - 12:02:24: Server cvar "sv_maxspeed" = "320"
L 04/20/2020 - 12:02:24: "Mr.Donkey<1><STEAM_ID_LAN><>" connected, address "loopback"
L 04/20/2020 - 12:02:24: "Mr.Donkey<1><STEAM_ID_LAN><>" STEAM USERID validated
L 04/20/2020 - 12:02:26: "Mr.Donkey<1><STEAM_ID_LAN><>" entered the game
L 04/20/2020 - 12:02:27: "CSC| Zed<2><BOT><>" joined team "CT"
L 04/20/2020 - 12:02:27: "CSC| Zed<2><BOT><>" entered the game
L 04/20/2020 - 12:02:27: "CSC| Stone<3><BOT><>" joined team "TERRORIST"
L 04/20/2020 - 12:02:27: "CSC| Stone<3><BOT><>" entered the game
L 04/20/2020 - 12:02:27: World triggered "Game_Commencing"
L 04/20/2020 - 12:02:27: World triggered "Game_Commencing" (CT "0") (T "0")
L 04/20/2020 - 12:02:27: World triggered "Round_End"
L 04/20/2020 - 12:02:27: "CSC| Kyle<4><BOT><>" joined team "TERRORIST"
L 04/20/2020 - 12:02:27: "CSC| Kyle<4><BOT><>" entered the game
L 04/20/2020 - 12:02:28: "CSC| Pheonix<5><BOT><>" joined team "CT"
L 04/20/2020 - 12:02:28: "CSC| Pheonix<5><BOT><>" entered the game
L 04/20/2020 - 12:02:28: "Mr.Donkey<1><STEAM_ID_LAN><>" joined team "CT"
L 04/20/2020 - 12:02:28: "CSC| Arnold<6><BOT><>" joined team "CT"
L 04/20/2020 - 12:02:28: "CSC| Arnold<6><BOT><>" entered the game
L 04/20/2020 - 12:02:28: "CSC| Cliffe<7><BOT><>" joined team "TERRORIST"
L 04/20/2020 - 12:02:28: "CSC| Cliffe<7><BOT><>" entered the game
L 04/20/2020 - 12:02:28: "CSC| Shark<8><BOT><>" joined team "TERRORIST"
L 04/20/2020 - 12:02:29: "CSC| Shark<8><BOT><>" entered the game
L 04/20/2020 - 12:02:29: "CSC| Kurt<9><BOT><>" joined team "TERRORIST"
L 04/20/2020 - 12:02:29: "CSC| Kurt<9><BOT><>" entered the game
L 04/20/2020 - 12:02:29: "CSC| Moe<10><BOT><>" joined team "CT"
L 04/20/2020 - 12:02:29: "CSC| Moe<10><BOT><>" entered the game
L 04/20/2020 - 12:02:33: World triggered "Round_Start"
L 04/20/2020 - 12:02:39: "CSC| Moe<10><BOT><CT>" killed "CSC| Kurt<9><BOT><TERRORIST>" with "sg550"
L 04/20/2020 - 12:02:40: "CSC| Moe<10><BOT><CT>" killed "CSC| Stone<3><BOT><TERRORIST>" with "sg550"
L 04/20/2020 - 12:02:42: "CSC| Kyle<4><BOT><TERRORIST>" killed "CSC| Arnold<6><BOT><CT>" with "awp"
L 04/20/2020 - 12:02:45: "CSC| Kyle<4><BOT><TERRORIST>" killed "CSC| Zed<2><BOT><CT>" with "awp"
L 04/20/2020 - 12:02:45: "CSC| Kyle<4><BOT><TERRORIST>" killed "CSC| Moe<10><BOT><CT>" with "awp"
L 04/20/2020 - 12:02:46: "CSC| Pheonix<5><BOT><CT>" killed "CSC| Kyle<4><BOT><TERRORIST>" with "aug"
L 04/20/2020 - 12:02:47: "CSC| Pheonix<5><BOT><CT>" killed "CSC| Cliffe<7><BOT><TERRORIST>" with "aug"
L 04/20/2020 - 12:02:50: "CSC| Shark<8><BOT><TERRORIST>" killed "Mr.Donkey<1><STEAM_ID_LAN><CT>" with "sg552"
L 04/20/2020 - 12:02:58: "CSC| Pheonix<5><BOT><CT>" committed suicide with "aug"
L 04/20/2020 - 12:02:58: Team "TERRORIST" triggered "Terrorists_Win" (CT "0") (T "1")
L 04/20/2020 - 12:02:58: World triggered "Round_End"
L 04/20/2020 - 12:02:58: "CSC| Shark<8><BOT><TERRORIST>" committed suicide with "sg552"
L 04/20/2020 - 12:03:06: World triggered "Round_Start"
L 04/20/2020 - 12:03:07: "CSC| Kyle<4><BOT><TERRORIST>" killed "CSC| Zed<2><BOT><CT>" with "awp"
L 04/20/2020 - 12:03:09: "Mr.Donkey<1><STEAM_ID_LAN><CT>" killed "CSC| Kyle<4><BOT><TERRORIST>" with "aug"
L 04/20/2020 - 12:03:12: "Mr.Donkey<1><STEAM_ID_LAN><CT>" killed "CSC| Stone<3><BOT><TERRORIST>" with "aug"
L 04/20/2020 - 12:03:14: "CSC| Moe<10><BOT><CT>" killed "CSC| Shark<8><BOT><TERRORIST>" with "sg550"
L 04/20/2020 - 12:03:16: "Mr.Donkey<1><STEAM_ID_LAN><CT>" killed "CSC| Kurt<9><BOT><TERRORIST>" with "aug"
L 04/20/2020 - 12:03:25: "CSC| Cliffe<7><BOT><TERRORIST>" killed "Mr.Donkey<1><STEAM_ID_LAN><CT>" with "ak47"
L 04/20/2020 - 12:03:28: "CSC| Pheonix<5><BOT><CT>" committed suicide with "aug"
L 04/20/2020 - 12:03:28: "CSC| Arnold<6><BOT><CT>" committed suicide with "m4a1"
L 04/20/2020 - 12:03:28: "CSC| Cliffe<7><BOT><TERRORIST>" committed suicide with "ak47"
L 04/20/2020 - 12:03:28: Team "CT" triggered "CTs_Win" (CT "1") (T "1")
L 04/20/2020 - 12:03:28: World triggered "Round_End"
L 04/20/2020 - 12:03:28: "CSC| Moe<10><BOT><CT>" committed suicide with "sg550"
L 04/20/2020 - 12:03:36: World triggered "Round_Start"
L 04/20/2020 - 12:03:38: "CSC| Cliffe<7><BOT><TERRORIST>" killed "CSC| Zed<2><BOT><CT>" with "ak47"
L 04/20/2020 - 12:03:40: "CSC| Stone<3><BOT><TERRORIST>" killed "Mr.Donkey<1><STEAM_ID_LAN><CT>" with "sg552"
L 04/20/2020 - 12:03:41: "CSC| Moe<10><BOT><CT>" killed "CSC| Stone<3><BOT><TERRORIST>" with "famas"
L 04/20/2020 - 12:03:43: "CSC| Kyle<4><BOT><TERRORIST>" committed suicide with "awp"
L 04/20/2020 - 12:03:43: "CSC| Pheonix<5><BOT><CT>" committed suicide with "aug"
L 04/20/2020 - 12:03:43: "CSC| Arnold<6><BOT><CT>" committed suicide with "m4a1"
L 04/20/2020 - 12:03:43: "CSC| Cliffe<7><BOT><TERRORIST>" committed suicide with "ak47"
L 04/20/2020 - 12:03:43: "CSC| Shark<8><BOT><TERRORIST>" committed suicide with "sg552"
L 04/20/2020 - 12:03:43: "CSC| Kurt<9><BOT><TERRORIST>" committed suicide with "sg552"
L 04/20/2020 - 12:03:43: Team "CT" triggered "CTs_Win" (CT "2") (T "1")
L 04/20/2020 - 12:03:43: World triggered "Round_End"
L 04/20/2020 - 12:03:43: "CSC| Moe<10><BOT><CT>" committed suicide with "famas"
L 04/20/2020 - 12:03:51: World triggered "Round_Start"
L 04/20/2020 - 12:03:56: "CSC| Zed<2><BOT><CT>" killed "CSC| Kyle<4><BOT><TERRORIST>" with "sg550"
L 04/20/2020 - 12:03:59: "CSC| Zed<2><BOT><CT>" killed "CSC| Stone<3><BOT><TERRORIST>" with "sg550"
L 04/20/2020 - 12:04:04: "CSC| Pheonix<5><BOT><CT>" killed "CSC| Shark<8><BOT><TERRORIST>" with "aug"
L 04/20/2020 - 12:04:05: "CSC| Arnold<6><BOT><CT>" killed "CSC| Cliffe<7><BOT><TERRORIST>" with "m4a1"
L 04/20/2020 - 12:04:09: "CSC| Kurt<9><BOT><TERRORIST>" killed "CSC| Arnold<6><BOT><CT>" with "sg552"
L 04/20/2020 - 12:04:13: "CSC| Moe<10><BOT><CT>" killed "CSC| Kurt<9><BOT><TERRORIST>" with "sg550"
L 04/20/2020 - 12:04:13: Team "CT" triggered "CTs_Win" (CT "3") (T "1")
L 04/20/2020 - 12:04:13: World triggered "Round_End"
L 04/20/2020 - 12:04:21: World triggered "Round_Start"
L 04/20/2020 - 12:04:23: "CSC| Cliffe<7><BOT><TERRORIST>" killed "CSC| Arnold<6><BOT><CT>" with "ak47"
L 04/20/2020 - 12:04:24: "CSC| Pheonix<5><BOT><CT>" killed "CSC| Kurt<9><BOT><TERRORIST>" with "aug"
L 04/20/2020 - 12:04:26: "CSC| Cliffe<7><BOT><TERRORIST>" killed "Mr.Donkey<1><STEAM_ID_LAN><CT>" with "ak47"
L 04/20/2020 - 12:04:29: "CSC| Zed<2><BOT><CT>" committed suicide with "sg550"
L 04/20/2020 - 12:04:29: "CSC| Stone<3><BOT><TERRORIST>" committed suicide with "sg552"
L 04/20/2020 - 12:04:29: "CSC| Kyle<4><BOT><TERRORIST>" committed suicide with "galil"
L 04/20/2020 - 12:04:29: "CSC| Pheonix<5><BOT><CT>" committed suicide with "aug"
L 04/20/2020 - 12:04:29: "CSC| Cliffe<7><BOT><TERRORIST>" committed suicide with "ak47"
L 04/20/2020 - 12:04:29: "CSC| Shark<8><BOT><TERRORIST>" committed suicide with "sg552"
L 04/20/2020 - 12:04:29: Team "CT" triggered "CTs_Win" (CT "4") (T "1")
L 04/20/2020 - 12:04:29: World triggered "Round_End"
L 04/20/2020 - 12:04:29: "CSC| Moe<10><BOT><CT>" committed suicide with "sg550"
L 04/20/2020 - 12:04:37: World triggered "Round_Start"
L 04/20/2020 - 12:04:40: "CSC| Cliffe<7><BOT><TERRORIST>" killed "CSC| Pheonix<5><BOT><CT>" with "ak47"
L 04/20/2020 - 12:04:42: Server cvar "bot_stop" = "1"
L 04/20/2020 - 12:04:46: "Mr.Donkey<1><STEAM_ID_LAN><CT>" killed "CSC| Shark<8><BOT><TERRORIST>" with "deagle"
L 04/20/2020 - 12:04:52: "Mr.Donkey<1><STEAM_ID_LAN><CT>" killed "CSC| Stone<3><BOT><TERRORIST>" with "deagle"
L 04/20/2020 - 12:04:56: "Mr.Donkey<1><STEAM_ID_LAN><CT>" killed "CSC| Cliffe<7><BOT><TERRORIST>" with "deagle"
L 04/20/2020 - 12:05:01: "Mr.Donkey<1><STEAM_ID_LAN><CT>" killed "CSC| Kyle<4><BOT><TERRORIST>" with "deagle"
L 04/20/2020 - 12:05:03: "Mr.Donkey<1><STEAM_ID_LAN><CT>" killed "CSC| Kurt<9><BOT><TERRORIST>" with "deagle"
L 04/20/2020 - 12:05:03: Team "CT" triggered "CTs_Win" (CT "5") (T "1")
L 04/20/2020 - 12:05:03: World triggered "Round_End"
L 04/20/2020 - 12:05:10: Server cvar "bot_stop" = "0"
L 04/20/2020 - 12:05:11: World triggered "Round_Start"
L 04/20/2020 - 12:05:14: "CSC| Arnold<6><BOT><CT>" killed "CSC| Kurt<9><BOT><TERRORIST>" with "m4a1"
L 04/20/2020 - 12:05:16: "CSC| Stone<3><BOT><TERRORIST>" killed "CSC| Zed<2><BOT><CT>" with "galil"
L 04/20/2020 - 12:05:17: "CSC| Pheonix<5><BOT><CT>" killed "CSC| Cliffe<7><BOT><TERRORIST>" with "aug"
L 04/20/2020 - 12:05:23: "CSC| Kyle<4><BOT><TERRORIST>" killed "Mr.Donkey<1><STEAM_ID_LAN><CT>" with "scout"
L 04/20/2020 - 12:05:27: "CSC| Moe<10><BOT><CT>" killed "CSC| Stone<3><BOT><TERRORIST>" with "awp"
L 04/20/2020 - 12:05:29: "CSC| Moe<10><BOT><CT>" killed "CSC| Kyle<4><BOT><TERRORIST>" with "awp"
L 04/20/2020 - 12:05:30: [META] ini: Begin re-reading plugins list: c:/counter strike cataclysm/cstrike/addons/metamod/plugins.ini
L 04/20/2020 - 12:05:30: [META] ini: Read plugin config for: dproto_EF
L 04/20/2020 - 12:05:30: [META] ini: Read plugin config for: AMX Mod X
L 04/20/2020 - 12:05:30: [META] ini: Finished reading plugins list: c:/counter strike cataclysm/cstrike/addons/metamod/plugins.ini; Found 2 plugins
L 04/20/2020 - 12:05:30: [META] dll: Updating plugins...
L 04/20/2020 - 12:05:30: [META] dll: Finished updating 5 plugins; kept 1, loaded 0, unloaded 0, reloaded 0, delayed 0
L 04/20/2020 - 12:05:30: "Mr.Donkey<-1><><CT>" disconnected
L 04/20/2020 - 12:05:30: "CSC| Zed<-1><><CT>" disconnected
L 04/20/2020 - 12:05:30: "CSC| Stone<-1><><TERRORIST>" disconnected
L 04/20/2020 - 12:05:30: "CSC| Kyle<-1><><TERRORIST>" disconnected
L 04/20/2020 - 12:05:30: "CSC| Pheonix<-1><><CT>" disconnected
L 04/20/2020 - 12:05:30: "CSC| Arnold<-1><><CT>" disconnected
L 04/20/2020 - 12:05:30: "CSC| Cliffe<-1><><TERRORIST>" disconnected
L 04/20/2020 - 12:05:30: "CSC| Shark<-1><><TERRORIST>" disconnected
L 04/20/2020 - 12:05:30: Team "CT" triggered "CTs_Win" (CT "6") (T "1")
L 04/20/2020 - 12:05:30: World triggered "Round_End"
L 04/20/2020 - 12:05:30: "CSC| Kurt<-1><><TERRORIST>" disconnected
L 04/20/2020 - 12:05:30: "CSC| Moe<-1><><CT>" disconnected
L 04/20/2020 - 12:05:30: Server shutdown
L 04/20/2020 - 12:05:30: Log file closed
